<?xml version="1.0" encoding="UTF-8"?>
<!-- Generated by org.testng.reporters.JUnitReportReporter -->
<testsuite hostname="PDKBLT5N5070X" failures="0" tests="1" name="com.equifax.www.TestAmazon" time="16.199" errors="0" timestamp="18 Apr 2021 06:56:32 GMT" skipped="0">
  <testcase classname="com.equifax.www.TestAmazon" name="amazonTest" time="16.199"/>
</testsuite> <!-- com.equifax.www.TestAmazon -->
